This is pdfTeX, Version 3.14159265-2.6-1.40.15 (TeX Live 2014) (preloaded format=pdflatex 2014.5.25)  25 MAR 2015 11:12
entering extended mode
 restricted \write18 enabled.
 file:line:error style messages enabled.
 %&-line parsing enabled.
**omegaCen_2015.tex
(./omegaCen_2015.tex
LaTeX2e <2014/05/01>
Babel <3.9k> and hyphenation patterns for 78 languages loaded.
(/Users/vs/Library/texmf/tex/latex/aastex52/aastex.cls
Document Class: aastex 2005/06/22 5.2/AAS markup document class
Class aastex Info: Original \LaTeX2.09 style by Chris Biemesderfer (chris@seago
at.com). Adapted to \LaTeXe by A. Ogawa (ogawa@teleport.com) on input line 83.
(/usr/local/texlive/2014/texmf-dist/tex/latex/base/article.cls
Document Class: article 2007/10/19 v1.4h Standard LaTeX document class
(/usr/local/texlive/2014/texmf-dist/tex/latex/base/size11.clo
File: size11.clo 2007/10/19 v1.4h Standard LaTeX file (size option)
)
\c@part=\count79
\c@section=\count80
\c@subsection=\count81
\c@subsubsection=\count82
\c@paragraph=\count83
\c@subparagraph=\count84
\c@figure=\count85
\c@table=\count86
\abovecaptionskip=\skip41
\belowcaptionskip=\skip42
\bibindent=\dimen102
)
(/usr/local/texlive/2014/texmf-dist/tex/latex/base/latexsym.sty
Package: latexsym 1998/08/17 v2.2e Standard LaTeX package (lasy symbols)
\symlasy=\mathgroup4
LaTeX Font Info:    Overwriting symbol font `lasy' in version `bold'
(Font)                  U/lasy/m/n --> U/lasy/b/n on input line 47.
)
(/usr/local/texlive/2014/texmf-dist/tex/latex/graphics/graphicx.sty
Package: graphicx 2014/04/25 v1.0g Enhanced LaTeX Graphics (DPC,SPQR)

(/usr/local/texlive/2014/texmf-dist/tex/latex/graphics/keyval.sty
Package: keyval 2014/05/08 v1.15 key=value parser (DPC)
\KV@toks@=\toks14
)
(/usr/local/texlive/2014/texmf-dist/tex/latex/graphics/graphics.sty
Package: graphics 2009/02/05 v1.0o Standard LaTeX Graphics (DPC,SPQR)

(/usr/local/texlive/2014/texmf-dist/tex/latex/graphics/trig.sty
Package: trig 1999/03/16 v1.09 sin cos tan (DPC)
)
(/usr/local/texlive/2014/texmf-dist/tex/latex/latexconfig/graphics.cfg
File: graphics.cfg 2010/04/23 v1.9 graphics configuration of TeX Live
)
Package graphics Info: Driver file: pdftex.def on input line 91.

(/usr/local/texlive/2014/texmf-dist/tex/latex/pdftex-def/pdftex.def
File: pdftex.def 2011/05/27 v0.06d Graphics/color for pdfTeX

(/usr/local/texlive/2014/texmf-dist/tex/generic/oberdiek/infwarerr.sty
Package: infwarerr 2010/04/08 v1.3 Providing info/warning/error messages (HO)
)
(/usr/local/texlive/2014/texmf-dist/tex/generic/oberdiek/ltxcmds.sty
Package: ltxcmds 2011/11/09 v1.22 LaTeX kernel commands for general use (HO)
)
\Gread@gobject=\count87
))
\Gin@req@height=\dimen103
\Gin@req@width=\dimen104
)
(/usr/local/texlive/2014/texmf-dist/tex/latex/amsfonts/amssymb.sty
Package: amssymb 2013/01/14 v3.01 AMS font symbols

(/usr/local/texlive/2014/texmf-dist/tex/latex/amsfonts/amsfonts.sty
Package: amsfonts 2013/01/14 v3.01 Basic AMSFonts support
\@emptytoks=\toks15
\symAMSa=\mathgroup5
\symAMSb=\mathgroup6
LaTeX Font Info:    Overwriting math alphabet `\mathfrak' in version `bold'
(Font)                  U/euf/m/n --> U/euf/b/n on input line 106.
))
(/Users/vs/Library/texmf/tex/latex/aastex52/natbib.sty
Package: natbib 2003/06/06 7.1 (PWD)
\bibhang=\skip43
\bibsep=\skip44
LaTeX Info: Redefining \cite on input line 518.
\c@NAT@ctr=\count88
)
(/usr/local/texlive/2014/texmf-dist/tex/latex/tools/verbatim.sty
Package: verbatim 2003/08/22 v1.5q LaTeX2e package for verbatim enhancements
\every@verbatim=\toks16
\verbatim@line=\toks17
\verbatim@in@stream=\read1
)
\@slugcmmntwidth=\dimen105
\abstract@box=\box26
\c@editornote=\count89
\c@cureqno=\count90
\tnotemarkskip=\skip45
\@abovenoteskip=\dimen106
\pt@box=\box27
\pt@width=\dimen107
\pt@line=\count91
\pt@column=\count92
\pt@nlines=\count93
\pt@ncol=\count94
\pt@page=\count95
\tabbaseskip=\dimen108
\pt@tmpcapwidth=\dimen109
\spew@tblnotesbox=\box28
\restof@tblnotesbox=\box29
\noteheight=\dimen110
\pt@tabnoteminht=\dimen111
\firsttabskip=\dimen112
\captionbox=\box30
\pt@reduceline=\dimen113
\extra@vspace=\dimen114
\c@plate=\count96
\my@footins=\box31
)
(/usr/local/texlive/2014/texmf-dist/tex/latex/amsmath/amsmath.sty
Package: amsmath 2013/01/14 v2.14 AMS math features
\@mathmargin=\skip46

For additional information on amsmath, use the `?' option.
(/usr/local/texlive/2014/texmf-dist/tex/latex/amsmath/amstext.sty
Package: amstext 2000/06/29 v2.01

(/usr/local/texlive/2014/texmf-dist/tex/latex/amsmath/amsgen.sty
File: amsgen.sty 1999/11/30 v2.0
\@emptytoks=\toks18
\ex@=\dimen115
))
(/usr/local/texlive/2014/texmf-dist/tex/latex/amsmath/amsbsy.sty
Package: amsbsy 1999/11/29 v1.2d
\pmbraise@=\dimen116
)
(/usr/local/texlive/2014/texmf-dist/tex/latex/amsmath/amsopn.sty
Package: amsopn 1999/12/14 v2.01 operator names
)
\inf@bad=\count97
LaTeX Info: Redefining \frac on input line 210.
\uproot@=\count98
\leftroot@=\count99
LaTeX Info: Redefining \overline on input line 306.
\classnum@=\count100
\DOTSCASE@=\count101
LaTeX Info: Redefining \ldots on input line 378.
LaTeX Info: Redefining \dots on input line 381.
LaTeX Info: Redefining \cdots on input line 466.
\Mathstrutbox@=\box32
\strutbox@=\box33
\big@size=\dimen117
LaTeX Font Info:    Redeclaring font encoding OML on input line 566.
LaTeX Font Info:    Redeclaring font encoding OMS on input line 567.
\macc@depth=\count102
\c@MaxMatrixCols=\count103
\dotsspace@=\muskip10
\c@parentequation=\count104
\dspbrk@lvl=\count105
\tag@help=\toks19
\row@=\count106
\column@=\count107
\maxfields@=\count108
\andhelp@=\toks20
\eqnshift@=\dimen118
\alignsep@=\dimen119
\tagshift@=\dimen120
\tagwidth@=\dimen121
\totwidth@=\dimen122
\lineht@=\dimen123
\@envbody=\toks21
\multlinegap=\skip47
\multlinetaggap=\skip48
\mathdisplay@stack=\toks22
LaTeX Info: Redefining \[ on input line 2665.
LaTeX Info: Redefining \] on input line 2666.
)
(./omegaCen_2015.aux)
\openout1 = `omegaCen_2015.aux'.

LaTeX Font Info:    Checking defaults for OML/cmm/m/it on input line 7.
LaTeX Font Info:    ... okay on input line 7.
LaTeX Font Info:    Checking defaults for T1/cmr/m/n on input line 7.
LaTeX Font Info:    ... okay on input line 7.
LaTeX Font Info:    Checking defaults for OT1/cmr/m/n on input line 7.
LaTeX Font Info:    ... okay on input line 7.
LaTeX Font Info:    Checking defaults for OMS/cmsy/m/n on input line 7.
LaTeX Font Info:    ... okay on input line 7.
LaTeX Font Info:    Checking defaults for OMX/cmex/m/n on input line 7.
LaTeX Font Info:    ... okay on input line 7.
LaTeX Font Info:    Checking defaults for U/cmr/m/n on input line 7.
LaTeX Font Info:    ... okay on input line 7.

(/usr/local/texlive/2014/texmf-dist/tex/context/base/supp-pdf.mkii
[Loading MPS to PDF converter (version 2006.09.02).]
\scratchcounter=\count109
\scratchdimen=\dimen124
\scratchbox=\box34
\nofMPsegments=\count110
\nofMParguments=\count111
\everyMPshowfont=\toks23
\MPscratchCnt=\count112
\MPscratchDim=\dimen125
\MPnumerator=\count113
\makeMPintoPDFobject=\count114
\everyMPtoPDFconversion=\toks24
) (/usr/local/texlive/2014/texmf-dist/tex/generic/oberdiek/pdftexcmds.sty
Package: pdftexcmds 2011/11/29 v0.20 Utility functions of pdfTeX for LuaTeX (HO
)

(/usr/local/texlive/2014/texmf-dist/tex/generic/oberdiek/ifluatex.sty
Package: ifluatex 2010/03/01 v1.3 Provides the ifluatex switch (HO)
Package ifluatex Info: LuaTeX not detected.
)
(/usr/local/texlive/2014/texmf-dist/tex/generic/oberdiek/ifpdf.sty
Package: ifpdf 2011/01/30 v2.3 Provides the ifpdf switch (HO)
Package ifpdf Info: pdfTeX in PDF mode is detected.
)
Package pdftexcmds Info: LuaTeX not detected.
Package pdftexcmds Info: \pdf@primitive is available.
Package pdftexcmds Info: \pdf@ifprimitive is available.
Package pdftexcmds Info: \pdfdraftmode found.
)
(/usr/local/texlive/2014/texmf-dist/tex/latex/oberdiek/epstopdf-base.sty
Package: epstopdf-base 2010/02/09 v2.5 Base part for package epstopdf

(/usr/local/texlive/2014/texmf-dist/tex/latex/oberdiek/grfext.sty
Package: grfext 2010/08/19 v1.1 Manage graphics extensions (HO)

(/usr/local/texlive/2014/texmf-dist/tex/generic/oberdiek/kvdefinekeys.sty
Package: kvdefinekeys 2011/04/07 v1.3 Define keys (HO)
))
(/usr/local/texlive/2014/texmf-dist/tex/latex/oberdiek/kvoptions.sty
Package: kvoptions 2011/06/30 v3.11 Key value format for package options (HO)

(/usr/local/texlive/2014/texmf-dist/tex/generic/oberdiek/kvsetkeys.sty
Package: kvsetkeys 2012/04/25 v1.16 Key value parser (HO)

(/usr/local/texlive/2014/texmf-dist/tex/generic/oberdiek/etexcmds.sty
Package: etexcmds 2011/02/16 v1.5 Avoid name clashes with e-TeX commands (HO)
Package etexcmds Info: Could not find \expanded.
(etexcmds)             That can mean that you are not using pdfTeX 1.50 or
(etexcmds)             that some package has redefined \expanded.
(etexcmds)             In the latter case, load this package earlier.
)))
Package grfext Info: Graphics extension search list:
(grfext)             [.png,.pdf,.jpg,.mps,.jpeg,.jbig2,.jb2,.PNG,.PDF,.JPG,.JPE
G,.JBIG2,.JB2,.eps]
(grfext)             \AppendGraphicsExtensions on input line 452.

(/usr/local/texlive/2014/texmf-dist/tex/latex/latexconfig/epstopdf-sys.cfg
File: epstopdf-sys.cfg 2010/07/13 v1.3 Configuration of (r)epstopdf for TeX Liv
e
))
AAS preprint substyle, v5.2 <12 Dec 2003>.
LaTeX Font Info:    Try loading font information for U+lasy on input line 15.
(/usr/local/texlive/2014/texmf-dist/tex/latex/base/ulasy.fd
File: ulasy.fd 1998/08/17 v2.2e LaTeX symbol font definitions
)
LaTeX Font Info:    Try loading font information for U+msa on input line 15.

(/usr/local/texlive/2014/texmf-dist/tex/latex/amsfonts/umsa.fd
File: umsa.fd 2013/01/14 v3.01 AMS symbols A
)
LaTeX Font Info:    Try loading font information for U+msb on input line 15.

(/usr/local/texlive/2014/texmf-dist/tex/latex/amsfonts/umsb.fd
File: umsb.fd 2013/01/14 v3.01 AMS symbols B
) [1

{/usr/local/texlive/2014/texmf-var/fonts/map/pdftex/updmap/pdftex.map}] [2]

LaTeX Warning: Reference `sec:pl_relation' on page 3 undefined on input line 56
.


LaTeX Warning: Reference `fig:omegaCen_fields' on page 3 undefined on input lin
e 61.

[3] [4] [5] [6]
Missing character: There is no Õ in font cmr10!
 [7] (./omegaCen_2015.bbl [8]) [9]
Page 1 of table 2 has been set to width 205.34285pt with 36 lines per page 

Overfull \hbox (469.75499pt too wide) in paragraph at lines 138--142
 [][][] 
 []

Page 1 of table 3 has been set to width 335.11876pt with 36 lines per page 

Overfull \hbox (469.75499pt too wide) in paragraph at lines 151--157
 [][][] 
 []

Page 1 of table 4 has been set to width 208.38454pt with 36 lines per page 

Overfull \hbox (469.75499pt too wide) in paragraph at lines 166--170
 [][][] 
 []

Page 1 of table 5 has been set to width 208.38454pt with 36 lines per page 

Overfull \hbox (469.75499pt too wide) in paragraph at lines 179--183
 [][][] 
 []

Page 1 of table 6 has been set to width 208.38454pt with 36 lines per page 

Overfull \hbox (469.75499pt too wide) in paragraph at lines 192--196
 [][][] 
 []

Page 1 of table 7 has been set to width 464.47722pt with 44 lines per page 

LaTeX Warning: Float too large for page by 13.62924pt on input line 260.

[10] [11]
Page 2 of table 7 has been set to width 464.47722pt with 44 lines per page 

Overfull \hbox (469.75499pt too wide) in paragraph at lines 260--268
 [][][] 
 []

Plottwo included the files PL_3p6.eps PL_4p5.eps
Package epstopdf Info: Source file: <PL_3p6.eps>
(epstopdf)                    date: 2015-03-25 10:59:43
(epstopdf)                    size: 56515 bytes
(epstopdf)             Output file: <PL_3p6-eps-converted-to.pdf>
(epstopdf)                    date: 2015-03-25 10:59:43
(epstopdf)                    size: 42604 bytes
(epstopdf)             Command: <repstopdf --outfile=PL_3p6-eps-converted-to.pd
f PL_3p6.eps>
(epstopdf)             \includegraphics on input line 273.
Package epstopdf Info: Output file is already uptodate.
<PL_3p6-eps-converted-to.pdf, id=52, 433.62pt x 361.35pt>
File: PL_3p6-eps-converted-to.pdf Graphic file (type pdf)

<use PL_3p6-eps-converted-to.pdf>
Package pdftex.def Info: PL_3p6-eps-converted-to.pdf used on input line 273.
(pdftex.def)             Requested size: 232.52841pt x 193.77522pt.
Package epstopdf Info: Source file: <PL_4p5.eps>
(epstopdf)                    date: 2015-03-25 10:59:43
(epstopdf)                    size: 56828 bytes
(epstopdf)             Output file: <PL_4p5-eps-converted-to.pdf>
(epstopdf)                    date: 2015-03-25 10:59:43
(epstopdf)                    size: 42737 bytes
(epstopdf)             Command: <repstopdf --outfile=PL_4p5-eps-converted-to.pd
f PL_4p5.eps>
(epstopdf)             \includegraphics on input line 273.
Package epstopdf Info: Output file is already uptodate.

<PL_4p5-eps-converted-to.pdf, id=53, 433.62pt x 361.35pt>
File: PL_4p5-eps-converted-to.pdf Graphic file (type pdf)

<use PL_4p5-eps-converted-to.pdf>
Package pdftex.def Info: PL_4p5-eps-converted-to.pdf used on input line 273.
(pdftex.def)             Requested size: 232.52841pt x 193.77522pt.

Plottwo included the files Metallicity_3p6_Rey.eps Metallicity_4p5_Rey.eps
Package epstopdf Info: Source file: <Metallicity_3p6_Rey.eps>
(epstopdf)                    date: 2015-03-25 10:59:42
(epstopdf)                    size: 46892 bytes
(epstopdf)             Output file: <Metallicity_3p6_Rey-eps-converted-to.pdf>
(epstopdf)                    date: 2015-03-25 10:59:42
(epstopdf)                    size: 29886 bytes
(epstopdf)             Command: <repstopdf --outfile=Metallicity_3p6_Rey-eps-co
nverted-to.pdf Metallicity_3p6_Rey.eps>
(epstopdf)             \includegraphics on input line 281.
Package epstopdf Info: Output file is already uptodate.
<Metallicity_3p6_Rey-eps-converted-to.pdf, id=54, 433.62pt x 361.35pt>
File: Metallicity_3p6_Rey-eps-converted-to.pdf Graphic file (type pdf)

<use Metallicity_3p6_Rey-eps-converted-to.pdf>
Package pdftex.def Info: Metallicity_3p6_Rey-eps-converted-to.pdf used on input
 line 281.
(pdftex.def)             Requested size: 232.52841pt x 193.77522pt.
Package epstopdf Info: Source file: <Metallicity_4p5_Rey.eps>
(epstopdf)                    date: 2015-03-25 10:59:42
(epstopdf)                    size: 46945 bytes
(epstopdf)             Output file: <Metallicity_4p5_Rey-eps-converted-to.pdf>
(epstopdf)                    date: 2015-03-25 10:59:42
(epstopdf)                    size: 29903 bytes
(epstopdf)             Command: <repstopdf --outfile=Metallicity_4p5_Rey-eps-co
nverted-to.pdf Metallicity_4p5_Rey.eps>
(epstopdf)             \includegraphics on input line 281.
Package epstopdf Info: Output file is already uptodate.

<Metallicity_4p5_Rey-eps-converted-to.pdf, id=55, 433.62pt x 361.35pt>
File: Metallicity_4p5_Rey-eps-converted-to.pdf Graphic file (type pdf)

<use Metallicity_4p5_Rey-eps-converted-to.pdf>
Package pdftex.def Info: Metallicity_4p5_Rey-eps-converted-to.pdf used on input
 line 281.
(pdftex.def)             Requested size: 232.52841pt x 193.77522pt.

Plottwo included the files Metallicity_3p6_Sollima.eps Metallicity_4p5_Sollima.
eps
Package epstopdf Info: Source file: <Metallicity_3p6_Sollima.eps>
(epstopdf)                    date: 2015-03-25 10:59:42
(epstopdf)                    size: 43245 bytes
(epstopdf)             Output file: <Metallicity_3p6_Sollima-eps-converted-to.p
df>
(epstopdf)                    date: 2015-03-25 10:59:42
(epstopdf)                    size: 27737 bytes
(epstopdf)             Command: <repstopdf --outfile=Metallicity_3p6_Sollima-ep
s-converted-to.pdf Metallicity_3p6_Sollima.eps>
(epstopdf)             \includegraphics on input line 289.
Package epstopdf Info: Output file is already uptodate.
<Metallicity_3p6_Sollima-eps-converted-to.pdf, id=56, 433.62pt x 361.35pt>
File: Metallicity_3p6_Sollima-eps-converted-to.pdf Graphic file (type pdf)

<use Metallicity_3p6_Sollima-eps-converted-to.pdf>
Package pdftex.def Info: Metallicity_3p6_Sollima-eps-converted-to.pdf used on i
nput line 289.
(pdftex.def)             Requested size: 232.52841pt x 193.77522pt.
Package epstopdf Info: Source file: <Metallicity_4p5_Sollima.eps>
(epstopdf)                    date: 2015-03-25 10:59:43
(epstopdf)                    size: 41496 bytes
(epstopdf)             Output file: <Metallicity_4p5_Sollima-eps-converted-to.p
df>
(epstopdf)                    date: 2015-03-25 11:10:24
(epstopdf)                    size: 26609 bytes
(epstopdf)             Command: <repstopdf --outfile=Metallicity_4p5_Sollima-ep
s-converted-to.pdf Metallicity_4p5_Sollima.eps>
(epstopdf)             \includegraphics on input line 289.
Package epstopdf Info: Output file is already uptodate.

<Metallicity_4p5_Sollima-eps-converted-to.pdf, id=57, 433.62pt x 361.35pt>
File: Metallicity_4p5_Sollima-eps-converted-to.pdf Graphic file (type pdf)

<use Metallicity_4p5_Sollima-eps-converted-to.pdf>
Package pdftex.def Info: Metallicity_4p5_Sollima-eps-converted-to.pdf used on i
nput line 289.
(pdftex.def)             Requested size: 232.52841pt x 193.77522pt.

Plottwo included the files Metallicity_3p6.eps Metallicity_4p5.eps
Package epstopdf Info: Source file: <Metallicity_3p6.eps>
(epstopdf)                    date: 2015-03-25 10:59:42
(epstopdf)                    size: 48659 bytes
(epstopdf)             Output file: <Metallicity_3p6-eps-converted-to.pdf>
(epstopdf)                    date: 2015-03-25 10:59:42
(epstopdf)                    size: 31422 bytes
(epstopdf)             Command: <repstopdf --outfile=Metallicity_3p6-eps-conver
ted-to.pdf Metallicity_3p6.eps>
(epstopdf)             \includegraphics on input line 297.
Package epstopdf Info: Output file is already uptodate.
<Metallicity_3p6-eps-converted-to.pdf, id=58, 433.62pt x 361.35pt>
File: Metallicity_3p6-eps-converted-to.pdf Graphic file (type pdf)

<use Metallicity_3p6-eps-converted-to.pdf>
Package pdftex.def Info: Metallicity_3p6-eps-converted-to.pdf used on input lin
e 297.
(pdftex.def)             Requested size: 232.52841pt x 193.77522pt.
Package epstopdf Info: Source file: <Metallicity_4p5.eps>
(epstopdf)                    date: 2015-03-25 10:59:42
(epstopdf)                    size: 48453 bytes
(epstopdf)             Output file: <Metallicity_4p5-eps-converted-to.pdf>
(epstopdf)                    date: 2015-03-25 10:59:42
(epstopdf)                    size: 31175 bytes
(epstopdf)             Command: <repstopdf --outfile=Metallicity_4p5-eps-conver
ted-to.pdf Metallicity_4p5.eps>
(epstopdf)             \includegraphics on input line 297.
Package epstopdf Info: Output file is already uptodate.

<Metallicity_4p5-eps-converted-to.pdf, id=59, 433.62pt x 361.35pt>
File: Metallicity_4p5-eps-converted-to.pdf Graphic file (type pdf)

<use Metallicity_4p5-eps-converted-to.pdf>
Package pdftex.def Info: Metallicity_4p5-eps-converted-to.pdf used on input lin
e 297.
(pdftex.def)             Requested size: 232.52841pt x 193.77522pt.
 [12 <./PL_3p6-eps-converted-to.pdf> <./PL_4p5-eps-converted-to.pdf>] [13 <./Me
tallicity_3p6_Rey-eps-converted-to.pdf> <./Metallicity_4p5_Rey-eps-converted-to
.pdf> <./Metallicity_3p6_Sollima-eps-converted-to.pdf> <./Metallicity_4p5_Solli
ma-eps-converted-to.pdf>] [14 <./Metallicity_3p6-eps-converted-to.pdf> <./Metal
licity_4p5-eps-converted-to.pdf>]
(./omegaCen_2015.aux)

LaTeX Warning: There were undefined references.


LaTeX Warning: Label(s) may have changed. Rerun to get cross-references right.

 ) 
Here is how much of TeX's memory you used:
 3306 strings out of 493117
 43280 string characters out of 6135433
 142727 words of memory out of 5000000
 6706 multiletter control sequences out of 15000+600000
 12568 words of font info for 51 fonts, out of 8000000 for 9000
 1141 hyphenation exceptions out of 8191
 38i,9n,28p,1682b,295s stack positions out of 5000i,500n,10000p,200000b,80000s
</usr/local/texlive/2014/texmf-dist/fonts/type1/public/amsfonts/cm/cmbx10.pfb
></usr/local/texlive/2014/texmf-dist/fonts/type1/public/amsfonts/cm/cmbx12.pfb>
</usr/local/texlive/2014/texmf-dist/fonts/type1/public/amsfonts/cm/cmcsc10.pfb>
</usr/local/texlive/2014/texmf-dist/fonts/type1/public/amsfonts/cm/cmmi10.pfb><
/usr/local/texlive/2014/texmf-dist/fonts/type1/public/amsfonts/cm/cmmi6.pfb></u
sr/local/texlive/2014/texmf-dist/fonts/type1/public/amsfonts/cm/cmmi8.pfb></usr
/local/texlive/2014/texmf-dist/fonts/type1/public/amsfonts/cm/cmmi9.pfb></usr/l
ocal/texlive/2014/texmf-dist/fonts/type1/public/amsfonts/cm/cmr10.pfb></usr/loc
al/texlive/2014/texmf-dist/fonts/type1/public/amsfonts/cm/cmr6.pfb></usr/local/
texlive/2014/texmf-dist/fonts/type1/public/amsfonts/cm/cmr8.pfb></usr/local/tex
live/2014/texmf-dist/fonts/type1/public/amsfonts/cm/cmr9.pfb></usr/local/texliv
e/2014/texmf-dist/fonts/type1/public/amsfonts/cm/cmsy10.pfb></usr/local/texlive
/2014/texmf-dist/fonts/type1/public/amsfonts/cm/cmsy8.pfb></usr/local/texlive/2
014/texmf-dist/fonts/type1/public/amsfonts/cm/cmsy9.pfb></usr/local/texlive/201
4/texmf-dist/fonts/type1/public/amsfonts/cm/cmti10.pfb>
Output written on omegaCen_2015.pdf (14 pages, 434758 bytes).
PDF statistics:
 492 PDF objects out of 1000 (max. 8388607)
 158 compressed objects within 2 object streams
 0 named destinations out of 1000 (max. 500000)
 41 words of extra memory for PDF output out of 10000 (max. 10000000)

