This is pdfTeX, Version 3.14159265-2.6-1.40.17 (TeX Live 2016) (preloaded format=pdflatex 2016.9.20)  31 OCT 2016 17:25
entering extended mode
 restricted \write18 enabled.
 file:line:error style messages enabled.
 %&-line parsing enabled.
**omegaCen_mnras_2016_vs.tex
(./omegaCen_mnras_2016_vs.tex
LaTeX2e <2016/03/31> patch level 3
Babel <3.9r> and hyphenation patterns for 83 language(s) loaded.
(./mnras.cls
Document Class: mnras 2015/05/22\ v3.0\ LaTeX2e MNRAS document class
MNRAS document style v3.0, released 2015/05/22

Package mnras Warning: Unknown option `a4paper' on input line 113.

(/usr/local/texlive/2016/texmf-dist/tex/latex/geometry/geometry.sty
Package: geometry 2010/09/12 v5.6 Page Geometry

(/usr/local/texlive/2016/texmf-dist/tex/latex/graphics/keyval.sty
Package: keyval 2014/10/28 v1.15 key=value parser (DPC)
\KV@toks@=\toks14
)
(/usr/local/texlive/2016/texmf-dist/tex/generic/oberdiek/ifpdf.sty
Package: ifpdf 2016/05/14 v3.1 Provides the ifpdf switch
)
(/usr/local/texlive/2016/texmf-dist/tex/generic/oberdiek/ifvtex.sty
Package: ifvtex 2016/05/16 v1.6 Detect VTeX and its facilities (HO)
Package ifvtex Info: VTeX not detected.
)
(/usr/local/texlive/2016/texmf-dist/tex/generic/ifxetex/ifxetex.sty
Package: ifxetex 2010/09/12 v0.6 Provides ifxetex conditional
)
\Gm@cnth=\count79
\Gm@cntv=\count80
\c@Gm@tempcnt=\count81
\Gm@bindingoffset=\dimen102
\Gm@wd@mp=\dimen103
\Gm@odd@mp=\dimen104
\Gm@even@mp=\dimen105
\Gm@layoutwidth=\dimen106
\Gm@layoutheight=\dimen107
\Gm@layouthoffset=\dimen108
\Gm@layoutvoffset=\dimen109
\Gm@dimlist=\toks15
)
(/usr/local/texlive/2016/texmf-dist/tex/latex/base/fixltx2e.sty
Package: fixltx2e 2015/06/22 v2.0b fixes to LaTeX (obsolete)


Package fixltx2e Warning: fixltx2e is not required with releases after 2015
(fixltx2e)                All fixes are now in the LaTeX kernel.
(fixltx2e)                See the latexrelease package for details.

) (/usr/local/texlive/2016/texmf-dist/tex/latex/hyperref/hyperref.sty
Package: hyperref 2016/06/24 v6.83q Hypertext links for LaTeX

(/usr/local/texlive/2016/texmf-dist/tex/generic/oberdiek/hobsub-hyperref.sty
Package: hobsub-hyperref 2016/05/16 v1.14 Bundle oberdiek, subset hyperref (HO)


(/usr/local/texlive/2016/texmf-dist/tex/generic/oberdiek/hobsub-generic.sty
Package: hobsub-generic 2016/05/16 v1.14 Bundle oberdiek, subset generic (HO)
Package: hobsub 2016/05/16 v1.14 Construct package bundles (HO)
Package: infwarerr 2016/05/16 v1.4 Providing info/warning/error messages (HO)
Package: ltxcmds 2016/05/16 v1.23 LaTeX kernel commands for general use (HO)
Package: ifluatex 2016/05/16 v1.4 Provides the ifluatex switch (HO)
Package ifluatex Info: LuaTeX not detected.
Package hobsub Info: Skipping package `ifvtex' (already loaded).
Package: intcalc 2016/05/16 v1.2 Expandable calculations with integers (HO)
Package hobsub Info: Skipping package `ifpdf' (already loaded).
Package: etexcmds 2016/05/16 v1.6 Avoid name clashes with e-TeX commands (HO)
Package etexcmds Info: Could not find \expanded.
(etexcmds)             That can mean that you are not using pdfTeX 1.50 or
(etexcmds)             that some package has redefined \expanded.
(etexcmds)             In the latter case, load this package earlier.
Package: kvsetkeys 2016/05/16 v1.17 Key value parser (HO)
Package: kvdefinekeys 2016/05/16 v1.4 Define keys (HO)
Package: pdftexcmds 2016/05/21 v0.22 Utility functions of pdfTeX for LuaTeX (HO
)
Package pdftexcmds Info: LuaTeX not detected.
Package pdftexcmds Info: \pdf@primitive is available.
Package pdftexcmds Info: \pdf@ifprimitive is available.
Package pdftexcmds Info: \pdfdraftmode found.
Package: pdfescape 2016/05/16 v1.14 Implements pdfTeX's escape features (HO)
Package: bigintcalc 2016/05/16 v1.4 Expandable calculations on big integers (HO
)
Package: bitset 2016/05/16 v1.2 Handle bit-vector datatype (HO)
Package: uniquecounter 2016/05/16 v1.3 Provide unlimited unique counter (HO)
)
Package hobsub Info: Skipping package `hobsub' (already loaded).
Package: letltxmacro 2016/05/16 v1.5 Let assignment for LaTeX macros (HO)
Package: hopatch 2016/05/16 v1.3 Wrapper for package hooks (HO)
Package: xcolor-patch 2016/05/16 xcolor patch
Package: atveryend 2016/05/16 v1.9 Hooks at the very end of document (HO)
Package atveryend Info: \enddocument detected (standard20110627).
Package: atbegshi 2016/06/09 v1.18 At begin shipout hook (HO)
Package: refcount 2016/05/16 v3.5 Data extraction from label references (HO)
Package: hycolor 2016/05/16 v1.8 Color options for hyperref/bookmark (HO)
)
(/usr/local/texlive/2016/texmf-dist/tex/latex/oberdiek/auxhook.sty
Package: auxhook 2016/05/16 v1.4 Hooks for auxiliary files (HO)
)
(/usr/local/texlive/2016/texmf-dist/tex/latex/oberdiek/kvoptions.sty
Package: kvoptions 2016/05/16 v3.12 Key value format for package options (HO)
)
\@linkdim=\dimen110
\Hy@linkcounter=\count82
\Hy@pagecounter=\count83

(/usr/local/texlive/2016/texmf-dist/tex/latex/hyperref/pd1enc.def
File: pd1enc.def 2016/06/24 v6.83q Hyperref: PDFDocEncoding definition (HO)
)
\Hy@SavedSpaceFactor=\count84

(/usr/local/texlive/2016/texmf-dist/tex/latex/latexconfig/hyperref.cfg
File: hyperref.cfg 2002/06/06 v1.2 hyperref configuration of TeXLive
)
Package hyperref Info: Hyper figures OFF on input line 4486.
Package hyperref Info: Link nesting OFF on input line 4491.
Package hyperref Info: Hyper index ON on input line 4494.
Package hyperref Info: Plain pages OFF on input line 4501.
Package hyperref Info: Backreferencing OFF on input line 4506.
Package hyperref Info: Implicit mode ON; LaTeX internals redefined.
Package hyperref Info: Bookmarks ON on input line 4735.
\c@Hy@tempcnt=\count85

(/usr/local/texlive/2016/texmf-dist/tex/latex/url/url.sty
\Urlmuskip=\muskip10
Package: url 2013/09/16  ver 3.4  Verb mode for urls, etc.
)
LaTeX Info: Redefining \url on input line 5088.
\XeTeXLinkMargin=\dimen111
\Fld@menulength=\count86
\Field@Width=\dimen112
\Fld@charsize=\dimen113
Package hyperref Info: Hyper figures OFF on input line 6342.
Package hyperref Info: Link nesting OFF on input line 6347.
Package hyperref Info: Hyper index ON on input line 6350.
Package hyperref Info: backreferencing OFF on input line 6357.
Package hyperref Info: Link coloring OFF on input line 6362.
Package hyperref Info: Link coloring with OCG OFF on input line 6367.
Package hyperref Info: PDF/A mode OFF on input line 6372.
LaTeX Info: Redefining \ref on input line 6412.
LaTeX Info: Redefining \pageref on input line 6416.


Package hyperref Warning: Option `pdfpagelabels' is turned off
(hyperref)                because \thepage is undefined.

\c@Item=\count87
\c@Hfootnote=\count88
)

Package hyperref Message: Driver (autodetected): hpdftex.

(/usr/local/texlive/2016/texmf-dist/tex/latex/hyperref/hpdftex.def
File: hpdftex.def 2016/06/24 v6.83q Hyperref driver for pdfTeX
\Fld@listcount=\count89
\c@bookmark@seq@number=\count90

(/usr/local/texlive/2016/texmf-dist/tex/latex/oberdiek/rerunfilecheck.sty
Package: rerunfilecheck 2016/05/16 v1.8 Rerun checks for auxiliary files (HO)
Package uniquecounter Info: New unique counter `rerunfilecheck' on input line 2
82.
)
\Hy@SectionHShift=\skip41
)
Package hyperref Info: Option `colorlinks' set `true' on input line 123.
\math@groups=\toks16
LaTeX Font Info:    Overwriting symbol font `symbols' in version `bold'
(Font)                  OMS/cmsy/b/n --> OMS/cmsy/b/n on input line 276.
\symbmisymbols=\mathgroup4
\SFB@measure=\dimen114
\realparindent=\skip42
\c@part=\count91
\c@section=\count92
\c@subsection=\count93
\c@subsubsection=\count94
\c@paragraph=\count95
\c@subparagraph=\count96
\@indentskip=\skip43
\smallindent=\skip44
\@footindent=\skip45
\@leftskip=\skip46

(/usr/local/texlive/2016/texmf-dist/tex/latex/natbib/natbib.sty
Package: natbib 2010/09/13 8.31b (PWD, AO)
\bibhang=\skip47
\bibsep=\skip48
LaTeX Info: Redefining \cite on input line 694.
\c@NAT@ctr=\count97
)
\c@table=\count98
\c@figure=\count99
)
(/usr/local/texlive/2016/texmf-dist/tex/latex/base/fontenc.sty
Package: fontenc 2016/06/19 v1.99m Standard LaTeX package

(/usr/local/texlive/2016/texmf-dist/tex/latex/base/t1enc.def
File: t1enc.def 2016/06/19 v1.99m Standard LaTeX file
LaTeX Font Info:    Redeclaring font encoding T1 on input line 48.
))
(/usr/local/texlive/2016/texmf-dist/tex/latex/ae/ae.sty
Package: ae 2001/02/12 1.3 Almost European Computer Modern

(/usr/local/texlive/2016/texmf-dist/tex/latex/base/fontenc.sty
Package: fontenc 2016/06/19 v1.99m Standard LaTeX package

(/usr/local/texlive/2016/texmf-dist/tex/latex/base/t1enc.def
File: t1enc.def 2016/06/19 v1.99m Standard LaTeX file
LaTeX Font Info:    Redeclaring font encoding T1 on input line 48.
)
LaTeX Font Info:    Try loading font information for T1+aer on input line 105.

(/usr/local/texlive/2016/texmf-dist/tex/latex/ae/t1aer.fd
File: t1aer.fd 1997/11/16 Font definitions for T1/aer.
)))
(/usr/local/texlive/2016/texmf-dist/tex/latex/ae/aecompl.sty
Package: aecompl 1998/07/23 0.9 T1 Complements for AE fonts (D. Roegel)
)
(/usr/local/texlive/2016/texmf-dist/tex/latex/graphics/graphicx.sty
Package: graphicx 2014/10/28 v1.0g Enhanced LaTeX Graphics (DPC,SPQR)

(/usr/local/texlive/2016/texmf-dist/tex/latex/graphics/graphics.sty
Package: graphics 2016/07/10 v1.0t Standard LaTeX Graphics (DPC,SPQR)

(/usr/local/texlive/2016/texmf-dist/tex/latex/graphics/trig.sty
Package: trig 2016/01/03 v1.10 sin cos tan (DPC)
)
(/usr/local/texlive/2016/texmf-dist/tex/latex/graphics-cfg/graphics.cfg
File: graphics.cfg 2016/06/04 v1.11 sample graphics configuration
)
Package graphics Info: Driver file: pdftex.def on input line 99.

(/usr/local/texlive/2016/texmf-dist/tex/latex/graphics-def/pdftex.def
File: pdftex.def 2016/07/10 v0.06j Graphics/color for pdfTeX
\Gread@gobject=\count100
))
\Gin@req@height=\dimen115
\Gin@req@width=\dimen116
)
(/usr/local/texlive/2016/texmf-dist/tex/latex/amsmath/amsmath.sty
Package: amsmath 2016/06/28 v2.15d AMS math features
\@mathmargin=\skip49

For additional information on amsmath, use the `?' option.
(/usr/local/texlive/2016/texmf-dist/tex/latex/amsmath/amstext.sty
Package: amstext 2000/06/29 v2.01 AMS text

(/usr/local/texlive/2016/texmf-dist/tex/latex/amsmath/amsgen.sty
File: amsgen.sty 1999/11/30 v2.0 generic functions
\@emptytoks=\toks17
\ex@=\dimen117
))
(/usr/local/texlive/2016/texmf-dist/tex/latex/amsmath/amsbsy.sty
Package: amsbsy 1999/11/29 v1.2d Bold Symbols
\pmbraise@=\dimen118
)
(/usr/local/texlive/2016/texmf-dist/tex/latex/amsmath/amsopn.sty
Package: amsopn 2016/03/08 v2.02 operator names
)
\inf@bad=\count101
LaTeX Info: Redefining \frac on input line 199.
\uproot@=\count102
\leftroot@=\count103
LaTeX Info: Redefining \overline on input line 297.
\classnum@=\count104
\DOTSCASE@=\count105
LaTeX Info: Redefining \ldots on input line 394.
LaTeX Info: Redefining \dots on input line 397.
LaTeX Info: Redefining \cdots on input line 518.
\Mathstrutbox@=\box26
\strutbox@=\box27
\big@size=\dimen119
LaTeX Font Info:    Redeclaring font encoding OML on input line 634.
LaTeX Font Info:    Redeclaring font encoding OMS on input line 635.
\macc@depth=\count106
\c@MaxMatrixCols=\count107
\dotsspace@=\muskip11
\c@parentequation=\count108
\dspbrk@lvl=\count109
\tag@help=\toks18
\row@=\count110
\column@=\count111
\maxfields@=\count112
\andhelp@=\toks19
\eqnshift@=\dimen120
\alignsep@=\dimen121
\tagshift@=\dimen122
\tagwidth@=\dimen123
\totwidth@=\dimen124
\lineht@=\dimen125
\@envbody=\toks20
\multlinegap=\skip50
\multlinetaggap=\skip51
\mathdisplay@stack=\toks21
LaTeX Info: Redefining \[ on input line 2739.
LaTeX Info: Redefining \] on input line 2740.
)
(/usr/local/texlive/2016/texmf-dist/tex/latex/amsfonts/amssymb.sty
Package: amssymb 2013/01/14 v3.01 AMS font symbols

(/usr/local/texlive/2016/texmf-dist/tex/latex/amsfonts/amsfonts.sty
Package: amsfonts 2013/01/14 v3.01 Basic AMSFonts support
\symAMSa=\mathgroup5
\symAMSb=\mathgroup6
LaTeX Font Info:    Overwriting math alphabet `\mathfrak' in version `bold'
(Font)                  U/euf/m/n --> U/euf/b/n on input line 106.
))
(/usr/local/texlive/2016/texmf-dist/tex/latex/tools/longtable.sty
Package: longtable 2014/10/28 v4.11 Multi-page Table package (DPC)
\LTleft=\skip52
\LTright=\skip53
\LTpre=\skip54
\LTpost=\skip55
\LTchunksize=\count113
\LTcapwidth=\dimen126
\LT@head=\box28
\LT@firsthead=\box29
\LT@foot=\box30
\LT@lastfoot=\box31
\LT@cols=\count114
\LT@rows=\count115
\c@LT@tables=\count116
\c@LT@chunks=\count117
\LT@p@ftn=\toks22
)
(/usr/local/texlive/2016/texmf-dist/tex/latex/oberdiek/pdflscape.sty
Package: pdflscape 2016/05/14 v0.11 Display of landscape pages in PDF (HO)

(/usr/local/texlive/2016/texmf-dist/tex/latex/graphics/lscape.sty
Package: lscape 2000/10/22 v3.01 Landscape Pages (DPC)
)
Package pdflscape Info: Auto-detected driver: pdftex on input line 81.
)
(/usr/local/texlive/2016/texmf-dist/tex/latex/tools/xspace.sty
Package: xspace 2014/10/28 v1.13 Space after command names (DPC,MH)
)
(/usr/local/texlive/2016/texmf-dist/tex/latex/tools/verbatim.sty
Package: verbatim 2014/10/28 v1.5q LaTeX2e package for verbatim enhancements
\every@verbatim=\toks23
\verbatim@line=\toks24
\verbatim@in@stream=\read1
)
(./omegaCen_mnras_2016_vs.aux)
\openout1 = `omegaCen_mnras_2016_vs.aux'.

LaTeX Font Info:    Checking defaults for OML/cmm/m/it on input line 132.
LaTeX Font Info:    ... okay on input line 132.
LaTeX Font Info:    Checking defaults for T1/cmr/m/n on input line 132.
LaTeX Font Info:    ... okay on input line 132.
LaTeX Font Info:    Checking defaults for OT1/cmr/m/n on input line 132.
LaTeX Font Info:    ... okay on input line 132.
LaTeX Font Info:    Checking defaults for OMS/cmsy/m/n on input line 132.
LaTeX Font Info:    ... okay on input line 132.
LaTeX Font Info:    Checking defaults for OMX/cmex/m/n on input line 132.
LaTeX Font Info:    ... okay on input line 132.
LaTeX Font Info:    Checking defaults for U/cmr/m/n on input line 132.
LaTeX Font Info:    ... okay on input line 132.
LaTeX Font Info:    Checking defaults for PD1/pdf/m/n on input line 132.
LaTeX Font Info:    ... okay on input line 132.

*geometry* driver: auto-detecting
*geometry* detected driver: pdftex
*geometry* verbose mode - [ preamble ] result:
* driver: pdftex
* paper: a4paper
* layout: <same size as paper>
* layoutoffset:(h,v)=(0.0pt,0.0pt)
* modes: twoside 
* h-part:(L,W,R)=(71.70166pt, 418.25368pt, 107.55254pt)
* v-part:(T,H,B)=(101.40665pt, 591.5302pt, 152.11pt)
* \paperwidth=597.50787pt
* \paperheight=845.04684pt
* \textwidth=504.0pt
* \textheight=682.0pt
* \oddsidemargin=-30.0pt
* \evensidemargin=-30.0pt
* \topmargin=0.0pt
* \headheight=14.0pt
* \headsep=15.0pt
* \topskip=9.0pt
* \footskip=22.0pt
* \marginparwidth=48.0pt
* \marginparsep=6.0pt
* \columnsep=24.0pt
* \skip\footins=19.5pt plus 12.0pt minus 1.0pt
* \hoffset=0.0pt
* \voffset=0.0pt
* \mag=1000
* \@twocolumntrue
* \@twosidetrue
* \@mparswitchtrue
* \@reversemarginfalse
* (1in=72.27pt=25.4mm, 1cm=28.453pt)

\AtBeginShipoutBox=\box32
(/usr/local/texlive/2016/texmf-dist/tex/latex/graphics/color.sty
Package: color 2016/07/10 v1.1e Standard LaTeX Color (DPC)

(/usr/local/texlive/2016/texmf-dist/tex/latex/graphics-cfg/color.cfg
File: color.cfg 2016/01/02 v1.6 sample color configuration
)
Package color Info: Driver file: pdftex.def on input line 147.
)
Package hyperref Info: Link coloring ON on input line 132.

(/usr/local/texlive/2016/texmf-dist/tex/latex/hyperref/nameref.sty
Package: nameref 2016/05/21 v2.44 Cross-referencing by name of section

(/usr/local/texlive/2016/texmf-dist/tex/generic/oberdiek/gettitlestring.sty
Package: gettitlestring 2016/05/16 v1.5 Cleanup title references (HO)
)
\c@section@level=\count118
)
LaTeX Info: Redefining \ref on input line 132.
LaTeX Info: Redefining \pageref on input line 132.
LaTeX Info: Redefining \nameref on input line 132.

(./omegaCen_mnras_2016_vs.out) (./omegaCen_mnras_2016_vs.out)
\@outlinefile=\write3
\openout3 = `omegaCen_mnras_2016_vs.out'.


(/usr/local/texlive/2016/texmf-dist/tex/context/base/mkii/supp-pdf.mkii
[Loading MPS to PDF converter (version 2006.09.02).]
\scratchcounter=\count119
\scratchdimen=\dimen127
\scratchbox=\box33
\nofMPsegments=\count120
\nofMParguments=\count121
\everyMPshowfont=\toks25
\MPscratchCnt=\count122
\MPscratchDim=\dimen128
\MPnumerator=\count123
\makeMPintoPDFobject=\count124
\everyMPtoPDFconversion=\toks26
) (/usr/local/texlive/2016/texmf-dist/tex/latex/oberdiek/epstopdf-base.sty
Package: epstopdf-base 2016/05/15 v2.6 Base part for package epstopdf

(/usr/local/texlive/2016/texmf-dist/tex/latex/oberdiek/grfext.sty
Package: grfext 2016/05/16 v1.2 Manage graphics extensions (HO)
)
Package epstopdf-base Info: Redefining graphics rule for `.eps' on input line 4
38.
Package grfext Info: Graphics extension search list:
(grfext)             [.png,.pdf,.jpg,.mps,.jpeg,.jbig2,.jb2,.PNG,.PDF,.JPG,.JPE
G,.JBIG2,.JB2,.eps]
(grfext)             \AppendGraphicsExtensions on input line 456.

(/usr/local/texlive/2016/texmf-dist/tex/latex/latexconfig/epstopdf-sys.cfg
File: epstopdf-sys.cfg 2010/07/13 v1.3 Configuration of (r)epstopdf for TeX Liv
e
))
LaTeX Font Info:    Try loading font information for U+msa on input line 135.

(/usr/local/texlive/2016/texmf-dist/tex/latex/amsfonts/umsa.fd
File: umsa.fd 2013/01/14 v3.01 AMS symbols A
)
LaTeX Font Info:    Try loading font information for U+msb on input line 135.

(/usr/local/texlive/2016/texmf-dist/tex/latex/amsfonts/umsb.fd
File: umsb.fd 2013/01/14 v3.01 AMS symbols B
)
Overfull \hbox (10.73856pt too wide) in paragraph at lines 135--135
[][]  
 []


Overfull \hbox (4.08653pt too wide) in paragraph at lines 135--135
[][]  
 []


Underfull \hbox (badness 10000) in paragraph at lines 138--139

 []


Underfull \vbox (badness 10000) has occurred while \output is active []

LaTeX Font Info:    Try loading font information for OMS+aer on input line 184.


(/usr/local/texlive/2016/texmf-dist/tex/latex/ae/omsaer.fd
File: omsaer.fd 1999/12/27
)
LaTeX Font Info:    Font shape `OMS/aer/m/n' in size <8> not available
(Font)              Font shape `OMS/cmsy/m/n' tried instead on input line 184.
 [1{/usr/local/texlive/2016/texmf-var/fonts/map/pdftex/updmap/pdftex.map}


]

LaTeX Warning: Reference `sec:distance_moduli' on page 2 undefined on input lin
e 189.

Package epstopdf Info: Source file: <../ocen_only_fitting/final_plots/omegacen_
coverage_map_new.eps>
(epstopdf)                    date: 2016-10-25 15:52:20
(epstopdf)                    size: 2552176 bytes
(epstopdf)             Output file: <../ocen_only_fitting/final_plots/omegacen_
coverage_map_new-eps-converted-to.pdf>
(epstopdf)                    date: 2016-10-25 15:52:20
(epstopdf)                    size: 3669905 bytes
(epstopdf)             Command: <repstopdf --outfile=../ocen_only_fitting/final
_plots/omegacen_coverage_map_new-eps-converted-to.pdf ../ocen_only_fitting/fina
l_plots/omegacen_coverage_map_new.eps>
(epstopdf)             \includegraphics on input line 216.
Package epstopdf Info: Output file is already uptodate.

<../ocen_only_fitting/final_plots/omegacen_coverage_map_new-eps-converted-to.pd
f, id=186, 644.4075pt x 503.8825pt>
File: ../ocen_only_fitting/final_plots/omegacen_coverage_map_new-eps-converted-
to.pdf Graphic file (type pdf)

<use ../ocen_only_fitting/final_plots/omegacen_coverage_map_new-eps-converted-t
o.pdf>
Package pdftex.def Info: ../ocen_only_fitting/final_plots/omegacen_coverage_map
_new-eps-converted-to.pdf used on input line 216.
(pdftex.def)             Requested size: 455.24408pt x 390.44339pt.
 [2]
Underfull \vbox (badness 10000) has occurred while \output is active []


Underfull \hbox (badness 10000) in paragraph at lines 251--252
[]\T1/aer/m/n/9 Possible blended/crowded stars (con-tam-i-nants)
 []


Underfull \vbox (badness 4660) has occurred while \output is active []

 [3pdfTeX warning (ext4): destination with the same identifier (name{figure.1})
 has been already used, duplicate ignored

\AtBegShi@Output ...ipout \box \AtBeginShipoutBox 
                                                  \fi \fi 
l.253 \item J
             oint analysis of light curves and PL relations in all five bands. 
<../ocen_only_fitting/final_plots/omegacen_coverage_map_new-eps-converted-to.pd
f>]

Package natbib Warning: Citation `20042004A&A...424.1101K' on page 4 undefined 
on input line 258.

Package epstopdf Info: Source file: <../ocen_only_fitting/final_plots/crowding_
example_3_118.eps>
(epstopdf)                    date: 2016-10-25 15:52:20
(epstopdf)                    size: 229702 bytes
(epstopdf)             Output file: <../ocen_only_fitting/final_plots/crowding_
example_3_118-eps-converted-to.pdf>
(epstopdf)                    date: 2016-10-25 15:52:20
(epstopdf)                    size: 23143 bytes
(epstopdf)             Command: <repstopdf --outfile=../ocen_only_fitting/final
_plots/crowding_example_3_118-eps-converted-to.pdf ../ocen_only_fitting/final_p
lots/crowding_example_3_118.eps>
(epstopdf)             \includegraphics on input line 266.
Package epstopdf Info: Output file is already uptodate.

<../ocen_only_fitting/final_plots/crowding_example_3_118-eps-converted-to.pdf, 
id=272, 505.89pt x 361.35pt>
File: ../ocen_only_fitting/final_plots/crowding_example_3_118-eps-converted-to.
pdf Graphic file (type pdf)

<use ../ocen_only_fitting/final_plots/crowding_example_3_118-eps-converted-to.p
df>
Package pdftex.def Info: ../ocen_only_fitting/final_plots/crowding_example_3_11
8-eps-converted-to.pdf used on input line 266.
(pdftex.def)             Requested size: 227.62204pt x 162.58945pt.
Package epstopdf Info: Source file: <../ocen_only_fitting/final_plots/crowding_
example_5_264.eps>
(epstopdf)                    date: 2016-10-25 15:52:20
(epstopdf)                    size: 230422 bytes
(epstopdf)             Output file: <../ocen_only_fitting/final_plots/crowding_
example_5_264-eps-converted-to.pdf>
(epstopdf)                    date: 2016-10-25 15:52:20
(epstopdf)                    size: 23233 bytes
(epstopdf)             Command: <repstopdf --outfile=../ocen_only_fitting/final
_plots/crowding_example_5_264-eps-converted-to.pdf ../ocen_only_fitting/final_p
lots/crowding_example_5_264.eps>
(epstopdf)             \includegraphics on input line 267.
Package epstopdf Info: Output file is already uptodate.

<../ocen_only_fitting/final_plots/crowding_example_5_264-eps-converted-to.pdf, 
id=273, 505.89pt x 361.35pt>
File: ../ocen_only_fitting/final_plots/crowding_example_5_264-eps-converted-to.
pdf Graphic file (type pdf)

<use ../ocen_only_fitting/final_plots/crowding_example_5_264-eps-converted-to.p
df>
Package pdftex.def Info: ../ocen_only_fitting/final_plots/crowding_example_5_26
4-eps-converted-to.pdf used on input line 267.
(pdftex.def)             Requested size: 227.62204pt x 162.58945pt.
Package epstopdf Info: Source file: <../ocen_only_fitting/final_plots/crowding_
example_13_366.eps>
(epstopdf)                    date: 2016-10-25 15:52:20
(epstopdf)                    size: 233775 bytes
(epstopdf)             Output file: <../ocen_only_fitting/final_plots/crowding_
example_13_366-eps-converted-to.pdf>
(epstopdf)                    date: 2016-10-25 15:52:20
(epstopdf)                    size: 24251 bytes
(epstopdf)             Command: <repstopdf --outfile=../ocen_only_fitting/final
_plots/crowding_example_13_366-eps-converted-to.pdf ../ocen_only_fitting/final_
plots/crowding_example_13_366.eps>
(epstopdf)             \includegraphics on input line 268.
Package epstopdf Info: Output file is already uptodate.

<../ocen_only_fitting/final_plots/crowding_example_13_366-eps-converted-to.pdf,
 id=274, 505.89pt x 361.35pt>
File: ../ocen_only_fitting/final_plots/crowding_example_13_366-eps-converted-to
.pdf Graphic file (type pdf)

<use ../ocen_only_fitting/final_plots/crowding_example_13_366-eps-converted-to.
pdf>
Package pdftex.def Info: ../ocen_only_fitting/final_plots/crowding_example_13_3
66-eps-converted-to.pdf used on input line 268.
(pdftex.def)             Requested size: 227.62204pt x 162.58945pt.
Package epstopdf Info: Source file: <../ocen_only_fitting/final_plots/V15_light
_curves.eps>
(epstopdf)                    date: 2016-10-25 15:52:20
(epstopdf)                    size: 365264 bytes
(epstopdf)             Output file: <../ocen_only_fitting/final_plots/V15_light
_curves-eps-converted-to.pdf>
(epstopdf)                    date: 2016-10-25 15:52:20
(epstopdf)                    size: 41891 bytes
(epstopdf)             Command: <repstopdf --outfile=../ocen_only_fitting/final
_plots/V15_light_curves-eps-converted-to.pdf ../ocen_only_fitting/final_plots/V
15_light_curves.eps>
(epstopdf)             \includegraphics on input line 283.
Package epstopdf Info: Output file is already uptodate.

<../ocen_only_fitting/final_plots/V15_light_curves-eps-converted-to.pdf, id=275
, 433.62pt x 433.62pt>
File: ../ocen_only_fitting/final_plots/V15_light_curves-eps-converted-to.pdf Gr
aphic file (type pdf)

<use ../ocen_only_fitting/final_plots/V15_light_curves-eps-converted-to.pdf>
Package pdftex.def Info: ../ocen_only_fitting/final_plots/V15_light_curves-eps-
converted-to.pdf used on input line 283.
(pdftex.def)             Requested size: 227.62204pt x 227.62082pt.
Package epstopdf Info: Source file: <../ocen_only_fitting/final_plots/V20_light
_curves.eps>
(epstopdf)                    date: 2016-10-25 15:52:20
(epstopdf)                    size: 365330 bytes
(epstopdf)             Output file: <../ocen_only_fitting/final_plots/V20_light
_curves-eps-converted-to.pdf>
(epstopdf)                    date: 2016-10-25 15:52:20
(epstopdf)                    size: 42002 bytes
(epstopdf)             Command: <repstopdf --outfile=../ocen_only_fitting/final
_plots/V20_light_curves-eps-converted-to.pdf ../ocen_only_fitting/final_plots/V
20_light_curves.eps>
(epstopdf)             \includegraphics on input line 284.
Package epstopdf Info: Output file is already uptodate.

<../ocen_only_fitting/final_plots/V20_light_curves-eps-converted-to.pdf, id=276
, 433.62pt x 433.62pt>
File: ../ocen_only_fitting/final_plots/V20_light_curves-eps-converted-to.pdf Gr
aphic file (type pdf)

<use ../ocen_only_fitting/final_plots/V20_light_curves-eps-converted-to.pdf>
Package pdftex.def Info: ../ocen_only_fitting/final_plots/V20_light_curves-eps-
converted-to.pdf used on input line 284.
(pdftex.def)             Requested size: 227.62204pt x 227.62082pt.
Package epstopdf Info: Source file: <../ocen_only_fitting/final_plots/omegacen_
pl_fits_sigclip.eps>
(epstopdf)                    date: 2016-10-25 15:52:20
(epstopdf)                    size: 630489 bytes
(epstopdf)             Output file: <../ocen_only_fitting/final_plots/omegacen_
pl_fits_sigclip-eps-converted-to.pdf>
(epstopdf)                    date: 2016-10-25 15:52:20
(epstopdf)                    size: 96117 bytes
(epstopdf)             Command: <repstopdf --outfile=../ocen_only_fitting/final
_plots/omegacen_pl_fits_sigclip-eps-converted-to.pdf ../ocen_only_fitting/final
_plots/omegacen_pl_fits_sigclip.eps>
(epstopdf)             \includegraphics on input line 395.
Package epstopdf Info: Output file is already uptodate.

<../ocen_only_fitting/final_plots/omegacen_pl_fits_sigclip-eps-converted-to.pdf
, id=282, 505.89pt x 578.16pt>
File: ../ocen_only_fitting/final_plots/omegacen_pl_fits_sigclip-eps-converted-t
o.pdf Graphic file (type pdf)

<use ../ocen_only_fitting/final_plots/omegacen_pl_fits_sigclip-eps-converted-to
.pdf>
Package pdftex.def Info: ../ocen_only_fitting/final_plots/omegacen_pl_fits_sigc
lip-eps-converted-to.pdf used on input line 395.
(pdftex.def)             Requested size: 455.24408pt x 520.28625pt.
 [4pdfTeX warning (ext4): destination with the same identifier (name{figure.2})
 has been already used, duplicate ignored

\AtBegShi@Output ...ipout \box \AtBeginShipoutBox 
                                                  \fi \fi 
l.496 
       <../ocen_only_fitting/final_plots/crowding_example_3_118-eps-converted-t
o.pdf> <../ocen_only_fitting/final_plots/crowding_example_5_264-eps-converted-t
o.pdf> <../ocen_only_fitting/final_plots/crowding_example_13_366-eps-converted-
to.pdf>] [5pdfTeX warning (ext4): destination with the same identifier (name{fi
gure.3}) has been already used, duplicate ignored

\AtBegShi@Output ...ipout \box \AtBeginShipoutBox 
                                                  \fi \fi 
l.519 
      pdfTeX warning (ext4): destination with the same identifier (name{table.1
}) has been already used, duplicate ignored

\AtBegShi@Output ...ipout \box \AtBeginShipoutBox 
                                                  \fi \fi 
l.519 
       <../ocen_only_fitting/final_plots/V15_light_curves-eps-converted-to.pdf>
 <../ocen_only_fitting/final_plots/V20_light_curves-eps-converted-to.pdf>]
Underfull \vbox (badness 10000) has occurred while \output is active []


Underfull \vbox (badness 10000) has occurred while \output is active []

 [6pdfTeX warning (ext4): destination with the same identifier (name{figure.4})
 has been already used, duplicate ignored

\AtBegShi@Output ...ipout \box \AtBeginShipoutBox 
                                                  \fi \fi 
l.530 \item S
             o is it possible to have a very tight, well defined PL relation...
 <../ocen_only_fitting/final_plots/omegacen_pl_fits_sigclip-eps-converted-to.pd
f>] <dispersion_drawing.pdf, id=412, 794.97pt x 614.295pt>
File: dispersion_drawing.pdf Graphic file (type pdf)

<use dispersion_drawing.pdf>
Package pdftex.def Info: dispersion_drawing.pdf used on input line 539.
(pdftex.def)             Requested size: 341.43306pt x 263.84175pt.


LaTeX Warning: Reference `tab:gamma' on page 7 undefined on input line 578.

./omegaCen_mnras_2016_vs.tex:625: Extra }, or forgotten \endgroup.
l.625 ...ou think it could have added any biases?}
                                                  
? 
Package epstopdf Info: Source file: <../ocen_only_fitting/final_plots/metallici
ty_vs_residuals_J_sigclip.eps>
(epstopdf)                    date: 2016-10-25 15:52:20
(epstopdf)                    size: 264424 bytes
(epstopdf)             Output file: <../ocen_only_fitting/final_plots/metallici
ty_vs_residuals_J_sigclip-eps-converted-to.pdf>
(epstopdf)                    date: 2016-10-25 15:52:20
(epstopdf)                    size: 22360 bytes
(epstopdf)             Command: <repstopdf --outfile=../ocen_only_fitting/final
_plots/metallicity_vs_residuals_J_sigclip-eps-converted-to.pdf ../ocen_only_fit
ting/final_plots/metallicity_vs_residuals_J_sigclip.eps>
(epstopdf)             \includegraphics on input line 631.
Package epstopdf Info: Output file is already uptodate.

<../ocen_only_fitting/final_plots/metallicity_vs_residuals_J_sigclip-eps-conver
ted-to.pdf, id=455, 578.16pt x 216.81pt>
File: ../ocen_only_fitting/final_plots/metallicity_vs_residuals_J_sigclip-eps-c
onverted-to.pdf Graphic file (type pdf)

<use ../ocen_only_fitting/final_plots/metallicity_vs_residuals_J_sigclip-eps-co
nverted-to.pdf>
Package pdftex.def Info: ../ocen_only_fitting/final_plots/metallicity_vs_residu
als_J_sigclip-eps-converted-to.pdf used on input line 631.
(pdftex.def)             Requested size: 455.24408pt x 170.7156pt.
Package epstopdf Info: Source file: <../ocen_only_fitting/final_plots/metallici
ty_vs_residuals_H_sigclip.eps>
(epstopdf)                    date: 2016-10-25 15:52:20
(epstopdf)                    size: 263096 bytes
(epstopdf)             Output file: <../ocen_only_fitting/final_plots/metallici
ty_vs_residuals_H_sigclip-eps-converted-to.pdf>
(epstopdf)                    date: 2016-10-25 15:52:20
(epstopdf)                    size: 22051 bytes
(epstopdf)             Command: <repstopdf --outfile=../ocen_only_fitting/final
_plots/metallicity_vs_residuals_H_sigclip-eps-converted-to.pdf ../ocen_only_fit
ting/final_plots/metallicity_vs_residuals_H_sigclip.eps>
(epstopdf)             \includegraphics on input line 639.
Package epstopdf Info: Output file is already uptodate.

<../ocen_only_fitting/final_plots/metallicity_vs_residuals_H_sigclip-eps-conver
ted-to.pdf, id=460, 578.16pt x 216.81pt>
File: ../ocen_only_fitting/final_plots/metallicity_vs_residuals_H_sigclip-eps-c
onverted-to.pdf Graphic file (type pdf)

<use ../ocen_only_fitting/final_plots/metallicity_vs_residuals_H_sigclip-eps-co
nverted-to.pdf>
Package pdftex.def Info: ../ocen_only_fitting/final_plots/metallicity_vs_residu
als_H_sigclip-eps-converted-to.pdf used on input line 639.
(pdftex.def)             Requested size: 455.24408pt x 170.7156pt.
Package epstopdf Info: Source file: <../ocen_only_fitting/final_plots/metallici
ty_vs_residuals_K_sigclip.eps>
(epstopdf)                    date: 2016-10-25 15:52:20
(epstopdf)                    size: 269248 bytes
(epstopdf)             Output file: <../ocen_only_fitting/final_plots/metallici
ty_vs_residuals_K_sigclip-eps-converted-to.pdf>
(epstopdf)                    date: 2016-10-25 15:52:20
(epstopdf)                    size: 23628 bytes
(epstopdf)             Command: <repstopdf --outfile=../ocen_only_fitting/final
_plots/metallicity_vs_residuals_K_sigclip-eps-converted-to.pdf ../ocen_only_fit
ting/final_plots/metallicity_vs_residuals_K_sigclip.eps>
(epstopdf)             \includegraphics on input line 647.
Package epstopdf Info: Output file is already uptodate.

<../ocen_only_fitting/final_plots/metallicity_vs_residuals_K_sigclip-eps-conver
ted-to.pdf, id=462, 578.16pt x 216.81pt>
File: ../ocen_only_fitting/final_plots/metallicity_vs_residuals_K_sigclip-eps-c
onverted-to.pdf Graphic file (type pdf)

<use ../ocen_only_fitting/final_plots/metallicity_vs_residuals_K_sigclip-eps-co
nverted-to.pdf>
Package pdftex.def Info: ../ocen_only_fitting/final_plots/metallicity_vs_residu
als_K_sigclip-eps-converted-to.pdf used on input line 647.
(pdftex.def)             Requested size: 455.24408pt x 170.7156pt.
Package epstopdf Info: Source file: <../ocen_only_fitting/final_plots/metallici
ty_vs_residuals_3_sigclip.eps>
(epstopdf)                    date: 2016-10-25 15:52:20
(epstopdf)                    size: 224063 bytes
(epstopdf)             Output file: <../ocen_only_fitting/final_plots/metallici
ty_vs_residuals_3_sigclip-eps-converted-to.pdf>
(epstopdf)                    date: 2016-10-25 15:52:20
(epstopdf)                    size: 15386 bytes
(epstopdf)             Command: <repstopdf --outfile=../ocen_only_fitting/final
_plots/metallicity_vs_residuals_3_sigclip-eps-converted-to.pdf ../ocen_only_fit
ting/final_plots/metallicity_vs_residuals_3_sigclip.eps>
(epstopdf)             \includegraphics on input line 655.
Package epstopdf Info: Output file is already uptodate.

<../ocen_only_fitting/final_plots/metallicity_vs_residuals_3_sigclip-eps-conver
ted-to.pdf, id=464, 578.16pt x 216.81pt>
File: ../ocen_only_fitting/final_plots/metallicity_vs_residuals_3_sigclip-eps-c
onverted-to.pdf Graphic file (type pdf)

<use ../ocen_only_fitting/final_plots/metallicity_vs_residuals_3_sigclip-eps-co
nverted-to.pdf>
Package pdftex.def Info: ../ocen_only_fitting/final_plots/metallicity_vs_residu
als_3_sigclip-eps-converted-to.pdf used on input line 655.
(pdftex.def)             Requested size: 455.24408pt x 170.7156pt.
Package epstopdf Info: Source file: <../ocen_only_fitting/final_plots/metallici
ty_vs_residuals_4_sigclip.eps>
(epstopdf)                    date: 2016-10-25 15:52:20
(epstopdf)                    size: 216201 bytes
(epstopdf)             Output file: <../ocen_only_fitting/final_plots/metallici
ty_vs_residuals_4_sigclip-eps-converted-to.pdf>
(epstopdf)                    date: 2016-10-25 15:52:20
(epstopdf)                    size: 14000 bytes
(epstopdf)             Command: <repstopdf --outfile=../ocen_only_fitting/final
_plots/metallicity_vs_residuals_4_sigclip-eps-converted-to.pdf ../ocen_only_fit
ting/final_plots/metallicity_vs_residuals_4_sigclip.eps>
(epstopdf)             \includegraphics on input line 663.
Package epstopdf Info: Output file is already uptodate.

<../ocen_only_fitting/final_plots/metallicity_vs_residuals_4_sigclip-eps-conver
ted-to.pdf, id=466, 578.16pt x 216.81pt>
File: ../ocen_only_fitting/final_plots/metallicity_vs_residuals_4_sigclip-eps-c
onverted-to.pdf Graphic file (type pdf)

<use ../ocen_only_fitting/final_plots/metallicity_vs_residuals_4_sigclip-eps-co
nverted-to.pdf>
Package pdftex.def Info: ../ocen_only_fitting/final_plots/metallicity_vs_residu
als_4_sigclip-eps-converted-to.pdf used on input line 663.
(pdftex.def)             Requested size: 455.24408pt x 170.7156pt.

<../ocen_only_fitting/final_plots/metallicity_slope_vs_wavelength.pdf, id=468, 
433.62pt x 339.66899pt>
File: ../ocen_only_fitting/final_plots/metallicity_slope_vs_wavelength.pdf Grap
hic file (type pdf)

<use ../ocen_only_fitting/final_plots/metallicity_slope_vs_wavelength.pdf>
Package pdftex.def Info: ../ocen_only_fitting/final_plots/metallicity_slope_vs_
wavelength.pdf used on input line 671.
(pdftex.def)             Requested size: 227.62204pt x 194.23528pt.

[7pdfTeX warning (ext4): destination with the same identifier (name{table.2}) h
as been already used, duplicate ignored

\AtBegShi@Output ...ipout \box \AtBeginShipoutBox 
                                                  \fi \fi 
l.705 
      ]
Underfull \vbox (badness 10000) has occurred while \output is active []


Underfull \vbox (badness 10000) has occurred while \output is active []

 [8pdfTeX warning (ext4): destination with the same identifier (name{figure.5})
 has been already used, duplicate ignored

\AtBegShi@Output ...ipout \box \AtBeginShipoutBox 
                                                  \fi \fi 
l.728 
      pdfTeX warning (ext4): destination with the same identifier (name{figure.
6}) has been already used, duplicate ignored

\AtBegShi@Output ...ipout \box \AtBeginShipoutBox 
                                                  \fi \fi 
l.728 
       <./dispersion_drawing.pdf, page is rotated 90 degrees> <../ocen_only_fit
ting/final_plots/metallicity_vs_residuals_J_sigclip-eps-converted-to.pdf>]
Underfull \vbox (badness 10000) has occurred while \output is active []

 [9pdfTeX warning (ext4): destination with the same identifier (name{figure.7})
 has been already used, duplicate ignored

\AtBegShi@Output ...ipout \box \AtBeginShipoutBox 
                                                  \fi \fi 
l.728 
      pdfTeX warning (ext4): destination with the same identifier (name{figure.
8}) has been already used, duplicate ignored

\AtBegShi@Output ...ipout \box \AtBeginShipoutBox 
                                                  \fi \fi 
l.728 
      pdfTeX warning (ext4): destination with the same identifier (name{figure.
9}) has been already used, duplicate ignored

\AtBegShi@Output ...ipout \box \AtBeginShipoutBox 
                                                  \fi \fi 
l.728 
       <../ocen_only_fitting/final_plots/metallicity_vs_residuals_H_sigclip-eps
-converted-to.pdf> <../ocen_only_fitting/final_plots/metallicity_vs_residuals_K
_sigclip-eps-converted-to.pdf> <../ocen_only_fitting/final_plots/metallicity_vs
_residuals_3_sigclip-eps-converted-to.pdf>]
Underfull \vbox (badness 10000) has occurred while \output is active []

 [10pdfTeX warning (ext4): destination with the same identifier (name{figure.10
}) has been already used, duplicate ignored

\AtBegShi@Output ...ipout \box \AtBeginShipoutBox 
                                                  \fi \fi 
l.741 
      pdfTeX warning (ext4): destination with the same identifier (name{figure.
11}) has been already used, duplicate ignored

\AtBegShi@Output ...ipout \box \AtBeginShipoutBox 
                                                  \fi \fi 
l.741 
       <../ocen_only_fitting/final_plots/metallicity_vs_residuals_4_sigclip-eps
-converted-to.pdf> <../ocen_only_fitting/final_plots/metallicity_slope_vs_wavel
ength.pdf>]
Underfull \hbox (badness 10000) in paragraph at lines 747--748
\T1/aer/m/n/9 We de-rive a mean dered-dened dis-tance mod-u-lus
 []


Underfull \hbox (badness 6001) in paragraph at lines 747--748
\T1/aer/m/n/9 for $\OML/cmm/m/it/9 !$ \T1/aer/m/n/9 Cen of $[]$ with red-den-in
g
 []


Underfull \hbox (badness 10000) in paragraph at lines 747--748
[]$ \T1/aer/m/n/9 us-ing dis-tance mod-uli de-
 []

(./omegaCen_mnras_2016_vs.bbl

Package hyperref Warning: Suppressing empty link on input line 59.

LaTeX Font Info:    Try loading font information for T1+aett on input line 60.
(/usr/local/texlive/2016/texmf-dist/tex/latex/ae/t1aett.fd
File: t1aett.fd 1997/11/16 Font definitions for T1/aett.
) [11]) [12

] [13


]
Overfull \hbox (6.39917pt too wide) in alignment at lines 807--814
 [] [] [] [] [] [] [] [] [] [] [] [] [] [] [] [] 
 []


Overfull \hbox (6.39917pt too wide) in alignment at lines 814--820
 [] [] [] [] [] [] [] [] [] [] [] [] [] [] [] [] 
 []


Overfull \hbox (6.39917pt too wide) in alignment at lines 820--822
 [] [] [] [] [] [] [] [] [] [] [] [] [] [] [] [] 
 []


Overfull \hbox (6.39917pt too wide) in alignment at lines 822--824
 [] [] [] [] [] [] [] [] [] [] [] [] [] [] [] [] 
 []

(../ocen_only_fitting/final_data_files/big_table.txt
Overfull \hbox (6.39917pt too wide) in alignment at lines 824--22
 [] [] [] [] [] [] [] [] [] [] [] [] [] [] [] [] 
 []


Overfull \hbox (6.39917pt too wide) in alignment at lines 22--42
 [] [] [] [] [] [] [] [] [] [] [] [] [] [] [] [] 
 []


Overfull \hbox (6.39917pt too wide) in alignment at lines 42--62
 [] [] [] [] [] [] [] [] [] [] [] [] [] [] [] [] 
 []


Overfull \hbox (6.39917pt too wide) in alignment at lines 62--82
 [] [] [] [] [] [] [] [] [] [] [] [] [] [] [] [] 
 []

[14


]
Overfull \hbox (6.39917pt too wide) in alignment at lines 82--102
 [] [] [] [] [] [] [] [] [] [] [] [] [] [] [] [] 
 []


Overfull \hbox (6.39917pt too wide) in alignment at lines 102--122
 [] [] [] [] [] [] [] [] [] [] [] [] [] [] [] [] 
 []


Overfull \hbox (6.39917pt too wide) in alignment at lines 122--142
 [] [] [] [] [] [] [] [] [] [] [] [] [] [] [] [] 
 []

[15]
Overfull \hbox (6.39917pt too wide) in alignment at lines 142--162
 [] [] [] [] [] [] [] [] [] [] [] [] [] [] [] [] 
 []

)
Overfull \hbox (6.39917pt too wide) in alignment at lines 162--827
 [] [] [] [] [] [] [] [] [] [] [] [] [] [] [] [] 
 []

[16] [17]

Package natbib Warning: There were undefined citations.

Package atveryend Info: Empty hook `BeforeClearDocument' on input line 840.
[18


]
Package atveryend Info: Empty hook `AfterLastShipout' on input line 840.
 (./omegaCen_mnras_2016_vs.aux)
Package atveryend Info: Empty hook `AtVeryEndDocument' on input line 840.
Package atveryend Info: Executing hook `AtEndAfterFileList' on input line 840.
Package rerunfilecheck Info: File `omegaCen_mnras_2016_vs.out' has not changed.

(rerunfilecheck)             Checksum: 8CF77A94BAE7829A33BDF84834BEE284;942.


LaTeX Warning: There were undefined references.

Package atveryend Info: Empty hook `AtVeryVeryEnd' on input line 840.
 ) 
Here is how much of TeX's memory you used:
 8003 strings out of 493013
 118437 string characters out of 6133343
 300563 words of memory out of 5000000
 11231 multiletter control sequences out of 15000+600000
 63515 words of font info for 136 fonts, out of 8000000 for 9000
 1141 hyphenation exceptions out of 8191
 36i,13n,38p,1739b,540s stack positions out of 5000i,500n,10000p,200000b,80000s
</usr/local/texlive/2016/texmf-dist/fonts/type1/public/amsfonts/cm/cmbx10.pfb
></usr/local/texlive/2016/texmf-dist/fonts/type1/public/amsfonts/cm/cmbx12.pfb>
</usr/local/texlive/2016/texmf-dist/fonts/type1/public/amsfonts/cm/cmbx8.pfb></
usr/local/texlive/2016/texmf-dist/fonts/type1/public/amsfonts/cm/cmbx9.pfb></us
r/local/texlive/2016/texmf-dist/fonts/type1/public/amsfonts/cm/cmbxti10.pfb></u
sr/local/texlive/2016/texmf-dist/fonts/type1/public/amsfonts/cm/cmcsc10.pfb></u
sr/local/texlive/2016/texmf-dist/fonts/type1/public/amsfonts/cmextra/cmex9.pfb>
</usr/local/texlive/2016/texmf-dist/fonts/type1/public/amsfonts/cm/cmmi10.pfb><
/usr/local/texlive/2016/texmf-dist/fonts/type1/public/amsfonts/cm/cmmi12.pfb></
usr/local/texlive/2016/texmf-dist/fonts/type1/public/amsfonts/cm/cmmi5.pfb></us
r/local/texlive/2016/texmf-dist/fonts/type1/public/amsfonts/cm/cmmi6.pfb></usr/
local/texlive/2016/texmf-dist/fonts/type1/public/amsfonts/cm/cmmi8.pfb></usr/lo
cal/texlive/2016/texmf-dist/fonts/type1/public/amsfonts/cm/cmmi9.pfb></usr/loca
l/texlive/2016/texmf-dist/fonts/type1/public/amsfonts/cm/cmr10.pfb></usr/local/
texlive/2016/texmf-dist/fonts/type1/public/amsfonts/cm/cmr12.pfb></usr/local/te
xlive/2016/texmf-dist/fonts/type1/public/amsfonts/cm/cmr6.pfb></usr/local/texli
ve/2016/texmf-dist/fonts/type1/public/amsfonts/cm/cmr8.pfb></usr/local/texlive/
2016/texmf-dist/fonts/type1/public/amsfonts/cm/cmr9.pfb></usr/local/texlive/201
6/texmf-dist/fonts/type1/public/amsfonts/cm/cmsy10.pfb></usr/local/texlive/2016
/texmf-dist/fonts/type1/public/amsfonts/cm/cmsy6.pfb></usr/local/texlive/2016/t
exmf-dist/fonts/type1/public/amsfonts/cm/cmsy8.pfb></usr/local/texlive/2016/tex
mf-dist/fonts/type1/public/amsfonts/cm/cmsy9.pfb></usr/local/texlive/2016/texmf
-dist/fonts/type1/public/amsfonts/cm/cmti12.pfb></usr/local/texlive/2016/texmf-
dist/fonts/type1/public/amsfonts/cm/cmti7.pfb></usr/local/texlive/2016/texmf-di
st/fonts/type1/public/amsfonts/cm/cmti8.pfb></usr/local/texlive/2016/texmf-dist
/fonts/type1/public/amsfonts/cm/cmti9.pfb></usr/local/texlive/2016/texmf-dist/f
onts/type1/public/amsfonts/cm/cmtt8.pfb>
Output written on omegaCen_mnras_2016_vs.pdf (18 pages, 13079530 bytes).
PDF statistics:
 915 PDF objects out of 1000 (max. 8388607)
 803 compressed objects within 9 object streams
 116 named destinations out of 1000 (max. 500000)
 191 words of extra memory for PDF output out of 10000 (max. 10000000)

